# Alpha AXP Execution Trace - CPU 0
# Generated: 2026-01-30T23:52:58
# Format: SEQ,PC,OPCODE,FUNC,INSTR,MNEMONIC,GRAIN_TYPE,FOUND
#
0,0x0000000020008000,0x34,0x0000,0xd3600000,BSR,8,1
1,0x0000000020008000,0x34,0x0000,0xd3600000,BSR,8,1
2,0x0000000020008000,0x34,0x0000,0xd3600000,BSR,8,1
3,0x0000000020008000,0x34,0x0000,0xd3600000,BSR,8,1
4,0x0000000020008000,0x34,0x0000,0xd3600000,BSR,8,1
5,0x0000000020008004,0x34,0x0000,0xd3600000,BSR,8,1
6,0x0000000020008008,0x08,0x0000,0x235b010c,LDA,1,1
7,0x0000000020008008,0x08,0x0000,0x235b010c,LDA,1,1
8,0x0000000020008008,0x08,0x0000,0x235b010c,LDA,1,1
9,0x0000000020008008,0x08,0x0000,0x235b010c,LDA,1,1
10,0x0000000020008008,0x08,0x0000,0x235b010c,LDA,1,1

"Fetched from PA 0x0000000020008000: 0xd3600000"
"  Pipeline stalled: NO, fault: NO"
  >>> ADVANCING RING <<<
"  Pipeline stalled: NO, fault: NO"
  >>> ADVANCING RING <<<
"  Pipeline stalled: NO, fault: NO"
  >>> ADVANCING RING <<<
"  Pipeline stalled: NO, fault: NO"
  >>> ADVANCING RING <<<
"  Pipeline stalled: NO, fault: NO"
  >>> ADVANCING RING <<<
"  Pipeline stalled: NO, fault: NO"
  >>> ADVANCING RING <<<
"Fetched from PA 0x0000000020008004: 0x43df0419"
[2026-01-30 23:53:50.819233] [ERROR] ILLEGAL INSTRUCTION: PC=0x0000000020008004 PA=0x0000000020008004 raw=0x43df0419 opcode=0x10 func=0x0020
"  Pipeline stalled: NO, fault: NO"
  >>> ADVANCING RING <<<
"Fetched from PA 0x0000000020008004: 0x43df0419"
[2026-01-30 23:53:54.258928] [ERROR] ILLEGAL INSTRUCTION: PC=0x0000000020008004 PA=0x0000000020008004 raw=0x43df0419 opcode=0x10 func=0x0020
"  Pipeline stalled: NO, fault: NO"
  >>> ADVANCING RING <<<
"Fetched from PA 0x0000000020008004: 0x43df0419"
[2026-01-30 23:53:54.881575] [ERROR] ILLEGAL INSTRUCTION: PC=0x0000000020008004 PA=0x0000000020008004 raw=0x43df0419 opcode=0x10 func=0x0020
"  Pipeline stalled: NO, fault: NO"
  >>> ADVANCING RING <<<
"Fetched from PA 0x0000000020008004: 0x43df0419"
[2026-01-30 23:53:55.315093] [ERROR] ILLEGAL INSTRUCTION: PC=0x0000000020008004 PA=0x0000000020008004 raw=0x43df0419 opcode=0x10 func=0x0020
"  Pipeline stalled: NO, fault: NO"
  >>> ADVANCING RING <<<
"Fetched from PA 0x0000000020008004: 0x43df0419"
[2026-01-30 23:53:55.323045] [ERROR] ILLEGAL INSTRUCTION: PC=0x0000000020008004 PA=0x0000000020008004 raw=0x43df0419 opcode=0x10 func=0x0020
"  Pipeline stalled: NO, fault: NO"
  >>> ADVANCING RING <<<
"Fetched from PA 0x0000000020008008: 0x235b010c"
"  Pipeline stalled: NO, fault: NO"
  >>> ADVANCING RING <<<
"  Pipeline stalled: NO, fault: NO"
  >>> ADVANCING RING <<<
"  Pipeline stalled: NO, fault: NO"
  >>> ADVANCING RING <<<
"  Pipeline stalled: NO, fault: NO"
  >>> ADVANCING RING <<<
"  Pipeline stalled: NO, fault: NO"
  >>> ADVANCING RING <<<
"  Pipeline stalled: NO, fault: NO"
  >>> ADVANCING RING <<<
"Fetched from PA 0x000000002000800c: 0xa75a0000"
"  Pipeline stalled: NO, fault: NO"
  >>> ADVANCING RING <<<
"  Pipeline stalled: NO, fault: NO"
  >>> ADVANCING RING <<<
"  Pipeline stalled: NO, fault: NO"